<?xml version="1.0" encoding="UTF-8"?>
<!-- Generated by org.testng.reporters.JUnitReportReporter -->
<testsuite hostname="LAPTOP-RPU5051R" name="rest.REST_API.GetRest_Assured" tests="2" failures="0" timestamp="12 Sep 2019 02:12:05 GMT" time="3.777" errors="0">
  <testcase name="getRestCall_" time="1.109" classname="rest.REST_API.GetRest_Assured"/>
  <testcase name="getRestCall" time="2.668" classname="rest.REST_API.GetRest_Assured"/>
</testsuite> <!-- rest.REST_API.GetRest_Assured -->
